\BOOKMARK [0][-]{chapter.1}{\376\377\000I\000n\000t\000r\000o\000d\000u\000c\000t\000i\000o\000n}{}% 1
\BOOKMARK [0][-]{chapter.2}{\376\377\000V\000u\000e\000\040\000d\000'\000e\000n\000s\000e\000m\000b\000l\000e\000\040\000d\000u\000\040\000s\000y\000s\000t\000\350\000m\000e}{}% 2
\BOOKMARK [1][-]{section.2.1}{\376\377\000T\000\342\000c\000h\000e\000\040\000d\000e\000\040\000c\000l\000a\000s\000s\000i\000f\000i\000c\000a\000t\000i\000o\000n\000\040\000e\000t\000\040\000j\000e\000u\000\040\000d\000e\000\040\000d\000o\000n\000n\000\351\000e\000s}{chapter.2}% 3
\BOOKMARK [1][-]{section.2.2}{\376\377\000A\000r\000c\000h\000i\000t\000e\000c\000t\000u\000r\000e\000\040\000l\000o\000g\000i\000c\000i\000e\000l\000l\000e\000\040\000g\000\351\000n\000\351\000r\000a\000l\000e}{chapter.2}% 4
\BOOKMARK [0][-]{chapter.3}{\376\377\000P\000r\000\351\000t\000r\000a\000i\000t\000e\000m\000e\000n\000t\000\040\000a\000u\000d\000i\000o}{}% 5
\BOOKMARK [1][-]{section.3.1}{\376\377\000P\000a\000r\000a\000m\000\350\000t\000r\000e\000s\000\040\000d\000e\000\040\000p\000r\000\351\000t\000r\000a\000i\000t\000e\000m\000e\000n\000t}{chapter.3}% 6
\BOOKMARK [1][-]{section.3.2}{\376\377\000S\000u\000p\000p\000r\000e\000s\000s\000i\000o\000n\000\040\000d\000e\000s\000\040\000s\000i\000l\000e\000n\000c\000e\000s\000\040\000e\000t\000\040\000s\000e\000g\000m\000e\000n\000t\000a\000t\000i\000o\000n}{chapter.3}% 7
\BOOKMARK [0][-]{chapter.4}{\376\377\000E\000x\000t\000r\000a\000c\000t\000i\000o\000n\000\040\000d\000e\000\040\000c\000a\000r\000a\000c\000t\000\351\000r\000i\000s\000t\000i\000q\000u\000e\000s\000\040\000a\000u\000d\000i\000o}{}% 8
\BOOKMARK [1][-]{section.4.1}{\376\377\000C\000a\000r\000a\000c\000t\000\351\000r\000i\000s\000t\000i\000q\000u\000e\000s\000\040\000e\000x\000t\000r\000a\000i\000t\000e\000s}{chapter.4}% 9
\BOOKMARK [1][-]{section.4.2}{\376\377\000A\000g\000r\000\351\000g\000a\000t\000i\000o\000n\000\040\000t\000e\000m\000p\000o\000r\000e\000l\000l\000e\000\040\000e\000t\000\040\000v\000e\000c\000t\000e\000u\000r\000\040\000d\000e\000\040\000f\000e\000a\000t\000u\000r\000e\000s}{chapter.4}% 10
\BOOKMARK [1][-]{section.4.3}{\376\377\000S\000t\000a\000n\000d\000a\000r\000d\000i\000s\000a\000t\000i\000o\000n\000\040\000e\000t\000\040\000r\000\351\000d\000u\000c\000t\000i\000o\000n\000\040\000d\000e\000\040\000d\000i\000m\000e\000n\000s\000i\000o\000n\000\040\000\050\000P\000C\000A\000\051}{chapter.4}% 11
\BOOKMARK [0][-]{chapter.5}{\376\377\000C\000o\000e\000u\000r\000\040\000q\000u\000a\000n\000t\000i\000q\000u\000e\000\040\000e\000t\000\040\000Q\000u\000a\000n\000t\000u\000m\000\040\000S\000V\000M}{}% 12
\BOOKMARK [1][-]{section.5.1}{\376\377\000E\000n\000c\000o\000d\000a\000g\000e\000\040\000a\000n\000g\000u\000l\000a\000i\000r\000e\000\040\000d\000e\000s\000\040\000f\000e\000a\000t\000u\000r\000e\000s}{chapter.5}% 13
\BOOKMARK [1][-]{section.5.2}{\376\377\000D\000\351\000f\000i\000n\000i\000t\000i\000o\000n\000\040\000d\000u\000\040\000n\000o\000y\000a\000u\000\040\000q\000u\000a\000n\000t\000i\000q\000u\000e}{chapter.5}% 14
\BOOKMARK [1][-]{section.5.3}{\376\377\000I\000m\000p\000l\000\351\000m\000e\000n\000t\000a\000t\000i\000o\000n\000\040\000d\000u\000\040\000Q\000S\000V\000M}{chapter.5}% 15
\BOOKMARK [0][-]{chapter.6}{\376\377\000P\000i\000p\000e\000l\000i\000n\000e\000\040\000d\000'\000e\000n\000t\000r\000a\000\356\000n\000e\000m\000e\000n\000t\000,\000\040\000d\000e\000\040\000p\000r\000\351\000d\000i\000c\000t\000i\000o\000n\000\040\000e\000t\000\040\000d\000'\000\351\000v\000a\000l\000u\000a\000t\000i\000o\000n}{}% 16
\BOOKMARK [1][-]{section.6.1}{\376\377\000C\000h\000a\000r\000g\000e\000m\000e\000n\000t\000\040\000d\000e\000\040\000l\000a\000\040\000c\000o\000n\000f\000i\000g\000u\000r\000a\000t\000i\000o\000n}{chapter.6}% 17
\BOOKMARK [1][-]{section.6.2}{\376\377\000E\000n\000t\000r\000a\000\356\000n\000e\000m\000e\000n\000t}{chapter.6}% 18
\BOOKMARK [1][-]{section.6.3}{\376\377\000P\000r\000\351\000d\000i\000c\000t\000i\000o\000n}{chapter.6}% 19
\BOOKMARK [1][-]{section.6.4}{\376\377\000\311\000v\000a\000l\000u\000a\000t\000i\000o\000n}{chapter.6}% 20
\BOOKMARK [0][-]{chapter.7}{\376\377\000\311\000v\000a\000l\000u\000a\000t\000i\000o\000n\000\040\000e\000t\000\040\000v\000i\000s\000u\000a\000l\000i\000s\000a\000t\000i\000o\000n\000\040\000d\000e\000s\000\040\000r\000\351\000s\000u\000l\000t\000a\000t\000s}{}% 21
\BOOKMARK [0][-]{chapter.8}{\376\377\000A\000P\000I\000\040\000R\000E\000S\000T\000\040\000e\000t\000\040\000d\000\351\000p\000l\000o\000i\000e\000m\000e\000n\000t}{}% 22
\BOOKMARK [1][-]{section.8.1}{\376\377\000A\000P\000I\000\040\000F\000a\000s\000t\000A\000P\000I}{chapter.8}% 23
\BOOKMARK [1][-]{section.8.2}{\376\377\000C\000o\000n\000t\000e\000n\000e\000u\000r\000i\000s\000a\000t\000i\000o\000n\000\040\000e\000t\000\040\000d\000\351\000p\000l\000o\000i\000e\000m\000e\000n\000t}{chapter.8}% 24
\BOOKMARK [0][-]{chapter.9}{\376\377\000D\000i\000s\000c\000u\000s\000s\000i\000o\000n\000\040\000e\000t\000\040\000p\000e\000r\000s\000p\000e\000c\000t\000i\000v\000e\000s}{}% 25
\BOOKMARK [0][-]{chapter.10}{\376\377\000C\000o\000n\000c\000l\000u\000s\000i\000o\000n}{}% 26
